Start testing: Dec 06 05:34 UTC
----------------------------------------------------------
1/11 Testing: DifficultyTests
1/11 Test: DifficultyTests
Command: "/home/ubuntu/downloads/cryptonote-master/build/release/tests/difficulty_tests" "/home/ubuntu/downloads/cryptonote-master/tests/Difficulty/data.txt"
Directory: /home/ubuntu/downloads/cryptonote-master/build/release/tests
"DifficultyTests" start time: Dec 06 05:34 UTC
Output:
----------------------------------------------------------
terminate called after throwing an instance of 'std::runtime_error'
  what():  Failed to initialize currency object
2017-Dec-06 05:34:42.068021 ERROR [currency] failed to parse coinbase tx from hard coded blob
2017-Dec-06 05:34:42.068128 ERROR [currency] Failed to generate genesis block
<end of output>
Test time =   0.25 sec
----------------------------------------------------------
Test Failed.
"DifficultyTests" end time: Dec 06 05:34 UTC
"DifficultyTests" time elapsed: 00:00:00
----------------------------------------------------------

2/11 Testing: hash-fast
2/11 Test: hash-fast
Command: "/home/ubuntu/downloads/cryptonote-master/build/release/tests/hash_tests" "fast" "/home/ubuntu/downloads/cryptonote-master/tests/Hash/tests-fast.txt"
Directory: /home/ubuntu/downloads/cryptonote-master/build/release/tests
"hash-fast" start time: Dec 06 05:34 UTC
Output:
----------------------------------------------------------
<end of output>
Test time =   0.01 sec
----------------------------------------------------------
Test Passed.
"hash-fast" end time: Dec 06 05:34 UTC
"hash-fast" time elapsed: 00:00:00
----------------------------------------------------------

3/11 Testing: hash-slow
3/11 Test: hash-slow
Command: "/home/ubuntu/downloads/cryptonote-master/build/release/tests/hash_tests" "slow" "/home/ubuntu/downloads/cryptonote-master/tests/Hash/tests-slow.txt"
Directory: /home/ubuntu/downloads/cryptonote-master/build/release/tests
"hash-slow" start time: Dec 06 05:34 UTC
Output:
----------------------------------------------------------
<end of output>
Test time =   0.10 sec
----------------------------------------------------------
Test Passed.
"hash-slow" end time: Dec 06 05:34 UTC
"hash-slow" time elapsed: 00:00:00
----------------------------------------------------------

4/11 Testing: hash-tree
4/11 Test: hash-tree
Command: "/home/ubuntu/downloads/cryptonote-master/build/release/tests/hash_tests" "tree" "/home/ubuntu/downloads/cryptonote-master/tests/Hash/tests-tree.txt"
Directory: /home/ubuntu/downloads/cryptonote-master/build/release/tests
"hash-tree" start time: Dec 06 05:34 UTC
Output:
----------------------------------------------------------
<end of output>
Test time =   0.00 sec
----------------------------------------------------------
Test Passed.
"hash-tree" end time: Dec 06 05:34 UTC
"hash-tree" time elapsed: 00:00:00
----------------------------------------------------------

5/11 Testing: hash-extra-blake
5/11 Test: hash-extra-blake
Command: "/home/ubuntu/downloads/cryptonote-master/build/release/tests/hash_tests" "extra-blake" "/home/ubuntu/downloads/cryptonote-master/tests/Hash/tests-extra-blake.txt"
Directory: /home/ubuntu/downloads/cryptonote-master/build/release/tests
"hash-extra-blake" start time: Dec 06 05:34 UTC
Output:
----------------------------------------------------------
<end of output>
Test time =   0.01 sec
----------------------------------------------------------
Test Passed.
"hash-extra-blake" end time: Dec 06 05:34 UTC
"hash-extra-blake" time elapsed: 00:00:00
----------------------------------------------------------

6/11 Testing: hash-extra-groestl
6/11 Test: hash-extra-groestl
Command: "/home/ubuntu/downloads/cryptonote-master/build/release/tests/hash_tests" "extra-groestl" "/home/ubuntu/downloads/cryptonote-master/tests/Hash/tests-extra-groestl.txt"
Directory: /home/ubuntu/downloads/cryptonote-master/build/release/tests
"hash-extra-groestl" start time: Dec 06 05:34 UTC
Output:
----------------------------------------------------------
<end of output>
Test time =   0.01 sec
----------------------------------------------------------
Test Passed.
"hash-extra-groestl" end time: Dec 06 05:34 UTC
"hash-extra-groestl" time elapsed: 00:00:00
----------------------------------------------------------

7/11 Testing: hash-extra-jh
7/11 Test: hash-extra-jh
Command: "/home/ubuntu/downloads/cryptonote-master/build/release/tests/hash_tests" "extra-jh" "/home/ubuntu/downloads/cryptonote-master/tests/Hash/tests-extra-jh.txt"
Directory: /home/ubuntu/downloads/cryptonote-master/build/release/tests
"hash-extra-jh" start time: Dec 06 05:34 UTC
Output:
----------------------------------------------------------
<end of output>
Test time =   0.01 sec
----------------------------------------------------------
Test Passed.
"hash-extra-jh" end time: Dec 06 05:34 UTC
"hash-extra-jh" time elapsed: 00:00:00
----------------------------------------------------------

8/11 Testing: hash-extra-skein
8/11 Test: hash-extra-skein
Command: "/home/ubuntu/downloads/cryptonote-master/build/release/tests/hash_tests" "extra-skein" "/home/ubuntu/downloads/cryptonote-master/tests/Hash/tests-extra-skein.txt"
Directory: /home/ubuntu/downloads/cryptonote-master/build/release/tests
"hash-extra-skein" start time: Dec 06 05:34 UTC
Output:
----------------------------------------------------------
<end of output>
Test time =   0.01 sec
----------------------------------------------------------
Test Passed.
"hash-extra-skein" end time: Dec 06 05:34 UTC
"hash-extra-skein" time elapsed: 00:00:00
----------------------------------------------------------

9/11 Testing: HashTargetTests
9/11 Test: HashTargetTests
Command: "/home/ubuntu/downloads/cryptonote-master/build/release/tests/hash_target_tests"
Directory: /home/ubuntu/downloads/cryptonote-master/build/release/tests
"HashTargetTests" start time: Dec 06 05:34 UTC
Output:
----------------------------------------------------------
<end of output>
Test time =   0.03 sec
----------------------------------------------------------
Test Passed.
"HashTargetTests" end time: Dec 06 05:34 UTC
"HashTargetTests" time elapsed: 00:00:00
----------------------------------------------------------

10/11 Testing: SystemTests
10/11 Test: SystemTests
Command: "/home/ubuntu/downloads/cryptonote-master/build/release/tests/system_tests"
Directory: /home/ubuntu/downloads/cryptonote-master/build/release/tests
"SystemTests" start time: Dec 06 05:34 UTC
Output:
----------------------------------------------------------
[==========] Running 129 tests from 14 test cases.
[----------] Global test environment set-up.
[----------] 8 tests from TcpConnectionTests
[ RUN      ] TcpConnectionTests.sendAndClose
[       OK ] TcpConnectionTests.sendAndClose (1 ms)
[ RUN      ] TcpConnectionTests.stoppedState
[       OK ] TcpConnectionTests.stoppedState (0 ms)
[ RUN      ] TcpConnectionTests.interruptRead
[       OK ] TcpConnectionTests.interruptRead (10 ms)
[ RUN      ] TcpConnectionTests.reuseWriteAfterInterrupt
[       OK ] TcpConnectionTests.reuseWriteAfterInterrupt (21 ms)
[ RUN      ] TcpConnectionTests.reuseReadAfterInterrupt
[       OK ] TcpConnectionTests.reuseReadAfterInterrupt (20 ms)
[ RUN      ] TcpConnectionTests.sendBigChunk
[       OK ] TcpConnectionTests.sendBigChunk (185 ms)
[ RUN      ] TcpConnectionTests.writeWhenReadWaiting
[       OK ] TcpConnectionTests.writeWhenReadWaiting (0 ms)
[ RUN      ] TcpConnectionTests.sendBigChunkThruTcpStream
[       OK ] TcpConnectionTests.sendBigChunkThruTcpStream (194 ms)
[----------] 8 tests from TcpConnectionTests (431 ms total)

[----------] 7 tests from ContextTests
[ RUN      ] ContextTests.getReturnsResult
[       OK ] ContextTests.getReturnsResult (1 ms)
[ RUN      ] ContextTests.getRethrowsException
[       OK ] ContextTests.getRethrowsException (0 ms)
[ RUN      ] ContextTests.destructorIgnoresException
[       OK ] ContextTests.destructorIgnoresException (0 ms)
[ RUN      ] ContextTests.interruptIsInterrupting
[       OK ] ContextTests.interruptIsInterrupting (0 ms)
[ RUN      ] ContextTests.getChecksInterruption
[       OK ] ContextTests.getChecksInterruption (0 ms)
[ RUN      ] ContextTests.getIsInterruptible
[       OK ] ContextTests.getIsInterruptible (0 ms)
[ RUN      ] ContextTests.destructorInterrupts
[       OK ] ContextTests.destructorInterrupts (0 ms)
[----------] 7 tests from ContextTests (1 ms total)

[----------] 3 tests from EventLockTests
[ RUN      ] EventLockTests.eventLockIsLocking
[       OK ] EventLockTests.eventLockIsLocking (0 ms)
[ RUN      ] EventLockTests.eventLockIsNotLocking
[       OK ] EventLockTests.eventLockIsNotLocking (0 ms)
[ RUN      ] EventLockTests.eventLockIsUnlockOnlyOnce
[       OK ] EventLockTests.eventLockIsUnlockOnlyOnce (0 ms)
[----------] 3 tests from EventLockTests (1 ms total)

[----------] 5 tests from Ipv4ResolverTests
[ RUN      ] Ipv4ResolverTests.start
[       OK ] Ipv4ResolverTests.start (0 ms)
[ RUN      ] Ipv4ResolverTests.stop
[       OK ] Ipv4ResolverTests.stop (0 ms)
[ RUN      ] Ipv4ResolverTests.interruptWhileResolving
[       OK ] Ipv4ResolverTests.interruptWhileResolving (0 ms)
[ RUN      ] Ipv4ResolverTests.reuseAfterInterrupt
[       OK ] Ipv4ResolverTests.reuseAfterInterrupt (0 ms)
[ RUN      ] Ipv4ResolverTests.resolve
[       OK ] Ipv4ResolverTests.resolve (117 ms)
[----------] 5 tests from Ipv4ResolverTests (117 ms total)

[----------] 22 tests from EventTests
[ RUN      ] EventTests.newEventIsNotSet
[       OK ] EventTests.newEventIsNotSet (0 ms)
[ RUN      ] EventTests.eventIsWorking
[       OK ] EventTests.eventIsWorking (0 ms)
[ RUN      ] EventTests.movedEventIsWorking
[       OK ] EventTests.movedEventIsWorking (0 ms)
[ RUN      ] EventTests.movedEventKeepsState
[       OK ] EventTests.movedEventKeepsState (0 ms)
[ RUN      ] EventTests.movedEventIsWorking2
[       OK ] EventTests.movedEventIsWorking2 (0 ms)
[ RUN      ] EventTests.movedEventKeepsState2
[       OK ] EventTests.movedEventKeepsState2 (0 ms)
[ RUN      ] EventTests.moveClearsEventState
[       OK ] EventTests.moveClearsEventState (0 ms)
[ RUN      ] EventTests.movedEventIsTheSame
[       OK ] EventTests.movedEventIsTheSame (0 ms)
[ RUN      ] EventTests.eventIsWorkingAfterClear
[       OK ] EventTests.eventIsWorkingAfterClear (0 ms)
[ RUN      ] EventTests.eventIsWorkingAfterClearOnWaiting
[       OK ] EventTests.eventIsWorkingAfterClearOnWaiting (0 ms)
[ RUN      ] EventTests.eventIsReusableAfterClear
[       OK ] EventTests.eventIsReusableAfterClear (0 ms)
[ RUN      ] EventTests.eventSetIsWorkingOnNewEvent
[       OK ] EventTests.eventSetIsWorkingOnNewEvent (0 ms)
[ RUN      ] EventTests.setActuallySets
[       OK ] EventTests.setActuallySets (0 ms)
[ RUN      ] EventTests.setJustSets
[       OK ] EventTests.setJustSets (0 ms)
[ RUN      ] EventTests.setSetsOnlyOnce
[       OK ] EventTests.setSetsOnlyOnce (0 ms)
[ RUN      ] EventTests.waitIsWaiting
[       OK ] EventTests.waitIsWaiting (0 ms)
[ RUN      ] EventTests.setEventIsNotWaiting
[       OK ] EventTests.setEventIsNotWaiting (0 ms)
[ RUN      ] EventTests.waitIsParallel
[       OK ] EventTests.waitIsParallel (0 ms)
[ RUN      ] EventTests.waitIsMultispawn
[       OK ] EventTests.waitIsMultispawn (0 ms)
[ RUN      ] EventTests.setEventInPastUnblocksWaitersEvenAfterClear
[       OK ] EventTests.setEventInPastUnblocksWaitersEvenAfterClear (0 ms)
[ RUN      ] EventTests.waitIsInterruptibleOnFront
[       OK ] EventTests.waitIsInterruptibleOnFront (0 ms)
[ RUN      ] EventTests.waitIsInterruptibleOnBody
[       OK ] EventTests.waitIsInterruptibleOnBody (0 ms)
[----------] 22 tests from EventTests (1 ms total)

[----------] 5 tests from TcpConnectorTests
[ RUN      ] TcpConnectorTests.tcpConnector1
[       OK ] TcpConnectorTests.tcpConnector1 (0 ms)
[ RUN      ] TcpConnectorTests.tcpConnectorInterruptAfterStart
[       OK ] TcpConnectorTests.tcpConnectorInterruptAfterStart (0 ms)
[ RUN      ] TcpConnectorTests.tcpConnectorInterrupt
[       OK ] TcpConnectorTests.tcpConnectorInterrupt (10 ms)
[ RUN      ] TcpConnectorTests.tcpConnectorUseAfterInterrupt
[       OK ] TcpConnectorTests.tcpConnectorUseAfterInterrupt (11 ms)
[ RUN      ] TcpConnectorTests.bindToTheSameAddressFails
[       OK ] TcpConnectorTests.bindToTheSameAddressFails (0 ms)
[----------] 5 tests from TcpConnectorTests (21 ms total)

[----------] 3 tests from ContextGroupTimeoutTest
[ RUN      ] ContextGroupTimeoutTest.timeoutHappens
[       OK ] ContextGroupTimeoutTest.timeoutHappens (100 ms)
[ RUN      ] ContextGroupTimeoutTest.timeoutSkipped
[       OK ] ContextGroupTimeoutTest.timeoutSkipped (100 ms)
[ RUN      ] ContextGroupTimeoutTest.noOperation
[       OK ] ContextGroupTimeoutTest.noOperation (0 ms)
[----------] 3 tests from ContextGroupTimeoutTest (200 ms total)

[----------] 17 tests from ContextGroupTests
[ RUN      ] ContextGroupTests.testHangingUp
[       OK ] ContextGroupTests.testHangingUp (1000 ms)
[ RUN      ] ContextGroupTests.ContextGroupWaitIsWaiting
[       OK ] ContextGroupTests.ContextGroupWaitIsWaiting (0 ms)
[ RUN      ] ContextGroupTests.ContextGroupInterruptIsInterrupting
[       OK ] ContextGroupTests.ContextGroupInterruptIsInterrupting (0 ms)
[ RUN      ] ContextGroupTests.ContextGroupDestructorIsInterrupt_Waitable
[       OK ] ContextGroupTests.ContextGroupDestructorIsInterrupt_Waitable (100 ms)
[ RUN      ] ContextGroupTests.TimerIsContextIntrerruptible
[       OK ] ContextGroupTests.TimerIsContextIntrerruptible (0 ms)
[ RUN      ] ContextGroupTests.ListenerAcceptIsContextIntrerruptible
[       OK ] ContextGroupTests.ListenerAcceptIsContextIntrerruptible (0 ms)
[ RUN      ] ContextGroupTests.ConnectorConnectIsContextIntrerruptible
[       OK ] ContextGroupTests.ConnectorConnectIsContextIntrerruptible (0 ms)
[ RUN      ] ContextGroupTests.ConnectionReadIsContextIntrerruptible
[       OK ] ContextGroupTests.ConnectionReadIsContextIntrerruptible (0 ms)
[ RUN      ] ContextGroupTests.TimerSleepIsThrowingWhenCurrentContextIsInterrupted
[       OK ] ContextGroupTests.TimerSleepIsThrowingWhenCurrentContextIsInterrupted (0 ms)
[ RUN      ] ContextGroupTests.ListenerAcceptIsThrowingWhenCurrentContextIsInterrupted
[       OK ] ContextGroupTests.ListenerAcceptIsThrowingWhenCurrentContextIsInterrupted (0 ms)
[ RUN      ] ContextGroupTests.ConnectorConnectIsThrowingWhenCurrentContextIsInterrupted
[       OK ] ContextGroupTests.ConnectorConnectIsThrowingWhenCurrentContextIsInterrupted (0 ms)
[ RUN      ] ContextGroupTests.ConnectionReadIsThrowingWhenCurrentContextIsInterrupted
[       OK ] ContextGroupTests.ConnectionReadIsThrowingWhenCurrentContextIsInterrupted (0 ms)
[ RUN      ] ContextGroupTests.ConnectionWriteIsThrowingWhenCurrentContextIsInterrupted
[       OK ] ContextGroupTests.ConnectionWriteIsThrowingWhenCurrentContextIsInterrupted (0 ms)
[ RUN      ] ContextGroupTests.DispatcherInterruptIsInterrupting
[       OK ] ContextGroupTests.DispatcherInterruptIsInterrupting (0 ms)
[ RUN      ] ContextGroupTests.DispatcherInterruptSetsFlag
[       OK ] ContextGroupTests.DispatcherInterruptSetsFlag (0 ms)
[ RUN      ] ContextGroupTests.ContextGroupIsWaitingIncludigNestedSpawns
[       OK ] ContextGroupTests.ContextGroupIsWaitingIncludigNestedSpawns (100 ms)
[ RUN      ] ContextGroupTests.ContextGroupIsWaitingNestedSpawnsEvenThoughItWasInterrupted
[       OK ] ContextGroupTests.ContextGroupIsWaitingNestedSpawnsEvenThoughItWasInterrupted (100 ms)
[----------] 17 tests from ContextGroupTests (1302 ms total)

[----------] 10 tests from RemoteContextTests
[ RUN      ] RemoteContextTests.getReturnsResult
[       OK ] RemoteContextTests.getReturnsResult (0 ms)
[ RUN      ] RemoteContextTests.getRethrowsException
[       OK ] RemoteContextTests.getRethrowsException (0 ms)
[ RUN      ] RemoteContextTests.destructorIgnoresException
[       OK ] RemoteContextTests.destructorIgnoresException (0 ms)
[ RUN      ] RemoteContextTests.canBeUsedWithoutObject
[       OK ] RemoteContextTests.canBeUsedWithoutObject (0 ms)
[ RUN      ] RemoteContextTests.interruptIsInterruptingWait
[       OK ] RemoteContextTests.interruptIsInterruptingWait (11 ms)
[ RUN      ] RemoteContextTests.interruptIsInterruptingGet
[       OK ] RemoteContextTests.interruptIsInterruptingGet (10 ms)
[ RUN      ] RemoteContextTests.destructorIgnoresInterrupt
[       OK ] RemoteContextTests.destructorIgnoresInterrupt (10 ms)
[ RUN      ] RemoteContextTests.canExecuteOtherContextsWhileWaiting
[       OK ] RemoteContextTests.canExecuteOtherContextsWhileWaiting (100 ms)
[ RUN      ] RemoteContextTests.waitMethodWaitsForContexCompletion
[       OK ] RemoteContextTests.waitMethodWaitsForContexCompletion (11 ms)
[ RUN      ] RemoteContextTests.waitMethodWaitsForContexCompletionOnInterrupt
[       OK ] RemoteContextTests.waitMethodWaitsForContexCompletionOnInterrupt (10 ms)
[----------] 10 tests from RemoteContextTests (152 ms total)

[----------] 17 tests from TimerTests
[ RUN      ] TimerTests.timerIsWorking
[       OK ] TimerTests.timerIsWorking (10 ms)
[ RUN      ] TimerTests.movedTimerIsWorking
[       OK ] TimerTests.movedTimerIsWorking (10 ms)
[ RUN      ] TimerTests.movedAndStoopedTimerIsWorking
[       OK ] TimerTests.movedAndStoopedTimerIsWorking (0 ms)
[ RUN      ] TimerTests.doubleTimerTest
[       OK ] TimerTests.doubleTimerTest (200 ms)
[ RUN      ] TimerTests.doubleTimerTestGroup
[       OK ] TimerTests.doubleTimerTestGroup (200 ms)
[ RUN      ] TimerTests.doubleTimerTestGroupWait
[       OK ] TimerTests.doubleTimerTestGroupWait (201 ms)
[ RUN      ] TimerTests.doubleTimerTestTwoGroupsWait
[       OK ] TimerTests.doubleTimerTestTwoGroupsWait (200 ms)
[ RUN      ] TimerTests.movedTimerIsWorking2
[       OK ] TimerTests.movedTimerIsWorking2 (10 ms)
[ RUN      ] TimerTests.movedAndStoopedTimerIsWorking2
[       OK ] TimerTests.movedAndStoopedTimerIsWorking2 (0 ms)
[ RUN      ] TimerTests.movedTimerIsTheSame
[       OK ] TimerTests.movedTimerIsTheSame (0 ms)
[ RUN      ] TimerTests.timerStartIsWorking
[       OK ] TimerTests.timerStartIsWorking (1 ms)
[ RUN      ] TimerTests.timerStopBeforeSleep
[       OK ] TimerTests.timerStopBeforeSleep (0 ms)
[ RUN      ] TimerTests.timerIsCancelable
[       OK ] TimerTests.timerIsCancelable (0 ms)
[ RUN      ] TimerTests.sleepIsSleepingAtLeastTakenTime
[       OK ] TimerTests.sleepIsSleepingAtLeastTakenTime (100 ms)
[ RUN      ] TimerTests.timerIsReusable
[       OK ] TimerTests.timerIsReusable (2001 ms)
[ RUN      ] TimerTests.timerIsReusableAfterInterrupt
[       OK ] TimerTests.timerIsReusableAfterInterrupt (1000 ms)
[ RUN      ] TimerTests.timerWithZeroTimeIsYielding
[       OK ] TimerTests.timerWithZeroTimeIsYielding (0 ms)
[----------] 17 tests from TimerTests (3933 ms total)

[----------] 4 tests from TcpListenerTests
[ RUN      ] TcpListenerTests.tcpListener1
[       OK ] TcpListenerTests.tcpListener1 (0 ms)
[ RUN      ] TcpListenerTests.interruptListener
[       OK ] TcpListenerTests.interruptListener (0 ms)
[ RUN      ] TcpListenerTests.acceptAfterInterrupt
[       OK ] TcpListenerTests.acceptAfterInterrupt (1 ms)
[ RUN      ] TcpListenerTests.tcpListener3
[       OK ] TcpListenerTests.tcpListener3 (100 ms)
[----------] 4 tests from TcpListenerTests (101 ms total)

[----------] 1 test from ErrorMessageTests
[ RUN      ] ErrorMessageTests.testErrorMessage
[       OK ] ErrorMessageTests.testErrorMessage (0 ms)
[----------] 1 test from ErrorMessageTests (0 ms total)

[----------] 23 tests from DispatcherTests
[ RUN      ] DispatcherTests.clearRemainsDispatcherWorkable
[       OK ] DispatcherTests.clearRemainsDispatcherWorkable (0 ms)
[ RUN      ] DispatcherTests.clearRemainsDispatcherWorkableAfterAsyncOperation
[       OK ] DispatcherTests.clearRemainsDispatcherWorkableAfterAsyncOperation (0 ms)
[ RUN      ] DispatcherTests.clearCalledFromSpawnRemainsDispatcherWorkable
[       OK ] DispatcherTests.clearCalledFromSpawnRemainsDispatcherWorkable (0 ms)
[ RUN      ] DispatcherTests.timerIsHandledOnlyAfterAllSpawnedTasksAreHandled
[       OK ] DispatcherTests.timerIsHandledOnlyAfterAllSpawnedTasksAreHandled (21 ms)
[ RUN      ] DispatcherTests.dispatchKeepsSpawnOrder
[       OK ] DispatcherTests.dispatchKeepsSpawnOrder (0 ms)
[ RUN      ] DispatcherTests.dispatchKeepsSpawnOrderWithNesting
[       OK ] DispatcherTests.dispatchKeepsSpawnOrderWithNesting (0 ms)
[ RUN      ] DispatcherTests.dispatchKeepsSpawnResumingOrder
[       OK ] DispatcherTests.dispatchKeepsSpawnResumingOrder (0 ms)
[ RUN      ] DispatcherTests.getCurrentContextDiffersForParallelSpawn
[       OK ] DispatcherTests.getCurrentContextDiffersForParallelSpawn (0 ms)
[ RUN      ] DispatcherTests.getCurrentContextSameForSequentialSpawn
[       OK ] DispatcherTests.getCurrentContextSameForSequentialSpawn (0 ms)
[ RUN      ] DispatcherTests.pushedContextMustGoOn
[       OK ] DispatcherTests.pushedContextMustGoOn (0 ms)
[ RUN      ] DispatcherTests.pushedContextMustGoOnFromNestedSpawns
[       OK ] DispatcherTests.pushedContextMustGoOnFromNestedSpawns (0 ms)
[ RUN      ] DispatcherTests.remoteSpawnActuallySpawns
[       OK ] DispatcherTests.remoteSpawnActuallySpawns (0 ms)
[ RUN      ] DispatcherTests.remoteSpawnActuallySpawns2
[       OK ] DispatcherTests.remoteSpawnActuallySpawns2 (3 ms)
[ RUN      ] DispatcherTests.remoteSpawnActuallySpawns3
[       OK ] DispatcherTests.remoteSpawnActuallySpawns3 (1000 ms)
[ RUN      ] DispatcherTests.remoteSpawnSpawnsProcedureInDispatcherThread
[       OK ] DispatcherTests.remoteSpawnSpawnsProcedureInDispatcherThread (0 ms)
[ RUN      ] DispatcherTests.remoteSpawnSpawnsProcedureAndKeepsOrder
[       OK ] DispatcherTests.remoteSpawnSpawnsProcedureAndKeepsOrder (0 ms)
[ RUN      ] DispatcherTests.remoteSpawnActuallyWorksParallel
[       OK ] DispatcherTests.remoteSpawnActuallyWorksParallel (100 ms)
[ RUN      ] DispatcherTests.spawnActuallySpawns
[       OK ] DispatcherTests.spawnActuallySpawns (0 ms)
[ RUN      ] DispatcherTests.spawnJustSpawns
[       OK ] DispatcherTests.spawnJustSpawns (0 ms)
[ RUN      ] DispatcherTests.yieldReturnsIfNothingToSpawn
[       OK ] DispatcherTests.yieldReturnsIfNothingToSpawn (0 ms)
[ RUN      ] DispatcherTests.yieldReturnsAfterExecutionOfSpawnedProcedures
[       OK ] DispatcherTests.yieldReturnsAfterExecutionOfSpawnedProcedures (0 ms)
[ RUN      ] DispatcherTests.yieldReturnsAfterExecutionOfIO
[       OK ] DispatcherTests.yieldReturnsAfterExecutionOfIO (10 ms)
[ RUN      ] DispatcherTests.yieldExecutesIoOnItsFront
[       OK ] DispatcherTests.yieldExecutesIoOnItsFront (10 ms)
[----------] 23 tests from DispatcherTests (1145 ms total)

[----------] 4 tests from Ipv4AddressTest
[ RUN      ] Ipv4AddressTest.value
[       OK ] Ipv4AddressTest.value (0 ms)
[ RUN      ] Ipv4AddressTest.dottedDecimal
[       OK ] Ipv4AddressTest.dottedDecimal (0 ms)
[ RUN      ] Ipv4AddressTest.isLoopback
[       OK ] Ipv4AddressTest.isLoopback (0 ms)
[ RUN      ] Ipv4AddressTest.isPrivate
[       OK ] Ipv4AddressTest.isPrivate (0 ms)
[----------] 4 tests from Ipv4AddressTest (0 ms total)

[----------] Global test environment tear-down
[==========] 129 tests from 14 test cases ran. (7406 ms total)
[  PASSED  ] 129 tests.

  YOU HAVE 4 DISABLED TESTS

<end of output>
Test time =   7.42 sec
----------------------------------------------------------
Test Passed.
"SystemTests" end time: Dec 06 05:34 UTC
"SystemTests" time elapsed: 00:00:07
----------------------------------------------------------

11/11 Testing: UnitTests
11/11 Test: UnitTests
Command: "/home/ubuntu/downloads/cryptonote-master/build/release/tests/unit_tests"
Directory: /home/ubuntu/downloads/cryptonote-master/build/release/tests
"UnitTests" start time: Dec 06 05:34 UTC
Output:
----------------------------------------------------------
[==========] Running 1089 tests from 80 test cases.
[----------] Global test environment set-up.
[----------] 2 tests from PaymentGateTest
[ RUN      ] PaymentGateTest.createWallet
2017-Dec-06 05:34:49.926067 ERROR [currency] failed to parse coinbase tx from hard coded blob
2017-Dec-06 05:34:49.926165 ERROR [currency] Failed to generate genesis block
unknown file: Failure
C++ exception with description "Failed to initialize currency object" thrown in the test fixture's constructor.
[  FAILED  ] PaymentGateTest.createWallet (1 ms)
[ RUN      ] PaymentGateTest.addTransaction
2017-Dec-06 05:34:49.926292 ERROR [currency] failed to parse coinbase tx from hard coded blob
2017-Dec-06 05:34:49.926318 ERROR [currency] Failed to generate genesis block
unknown file: Failure
C++ exception with description "Failed to initialize currency object" thrown in the test fixture's constructor.
[  FAILED  ] PaymentGateTest.addTransaction (0 ms)
[----------] 2 tests from PaymentGateTest (1 ms total)

[----------] 25 tests from ArrayRefTests
[ RUN      ] ArrayRefTests.representations
[       OK ] ArrayRefTests.representations (0 ms)
[ RUN      ] ArrayRefTests.directConstructor
[       OK ] ArrayRefTests.directConstructor (0 ms)
[ RUN      ] ArrayRefTests.arrayConstructor
[       OK ] ArrayRefTests.arrayConstructor (0 ms)
[ RUN      ] ArrayRefTests.copyConstructor
[       OK ] ArrayRefTests.copyConstructor (0 ms)
[ RUN      ] ArrayRefTests.copyAssignment
[       OK ] ArrayRefTests.copyAssignment (0 ms)
[ RUN      ] ArrayRefTests.arrayView
[       OK ] ArrayRefTests.arrayView (0 ms)
[ RUN      ] ArrayRefTests.emptyNil
[       OK ] ArrayRefTests.emptyNil (0 ms)
[ RUN      ] ArrayRefTests.squareBrackets
[       OK ] ArrayRefTests.squareBrackets (0 ms)
[ RUN      ] ArrayRefTests.firstLast
[       OK ] ArrayRefTests.firstLast (0 ms)
[ RUN      ] ArrayRefTests.beginEnd
[       OK ] ArrayRefTests.beginEnd (0 ms)
[ RUN      ] ArrayRefTests.comparisons
[       OK ] ArrayRefTests.comparisons (0 ms)
[ RUN      ] ArrayRefTests.beginsWith
[       OK ] ArrayRefTests.beginsWith (0 ms)
[ RUN      ] ArrayRefTests.contains
[       OK ] ArrayRefTests.contains (0 ms)
[ RUN      ] ArrayRefTests.endsWith
[       OK ] ArrayRefTests.endsWith (0 ms)
[ RUN      ] ArrayRefTests.find
[       OK ] ArrayRefTests.find (0 ms)
[ RUN      ] ArrayRefTests.findLast
[       OK ] ArrayRefTests.findLast (0 ms)
[ RUN      ] ArrayRefTests.head
[       OK ] ArrayRefTests.head (0 ms)
[ RUN      ] ArrayRefTests.tail
[       OK ] ArrayRefTests.tail (0 ms)
[ RUN      ] ArrayRefTests.unhead
[       OK ] ArrayRefTests.unhead (0 ms)
[ RUN      ] ArrayRefTests.untail
[       OK ] ArrayRefTests.untail (0 ms)
[ RUN      ] ArrayRefTests.range
[       OK ] ArrayRefTests.range (0 ms)
[ RUN      ] ArrayRefTests.slice
[       OK ] ArrayRefTests.slice (0 ms)
[ RUN      ] ArrayRefTests.fill
[       OK ] ArrayRefTests.fill (0 ms)
[ RUN      ] ArrayRefTests.reverse
[       OK ] ArrayRefTests.reverse (0 ms)
[ RUN      ] ArrayRefTests.stdString
[       OK ] ArrayRefTests.stdString (0 ms)
[----------] 25 tests from ArrayRefTests (0 ms total)

[----------] 7 tests from TransfersSubscriptionTest
[ RUN      ] TransfersSubscriptionTest.getInitParameters
2017-Dec-06 05:34:49.926885 ERROR [currency] failed to parse coinbase tx from hard coded blob
2017-Dec-06 05:34:49.926912 ERROR [currency] Failed to generate genesis block
unknown file: Failure
C++ exception with description "Failed to initialize currency object" thrown in the test fixture's constructor.
[  FAILED  ] TransfersSubscriptionTest.getInitParameters (0 ms)
[ RUN      ] TransfersSubscriptionTest.addTransaction
2017-Dec-06 05:34:49.926997 ERROR [currency] failed to parse coinbase tx from hard coded blob
2017-Dec-06 05:34:49.927024 ERROR [currency] Failed to generate genesis block
unknown file: Failure
C++ exception with description "Failed to initialize currency object" thrown in the test fixture's constructor.
[  FAILED  ] TransfersSubscriptionTest.addTransaction (1 ms)
[ RUN      ] TransfersSubscriptionTest.onBlockchainDetach
2017-Dec-06 05:34:49.927103 ERROR [currency] failed to parse coinbase tx from hard coded blob
2017-Dec-06 05:34:49.927126 ERROR [currency] Failed to generate genesis block
unknown file: Failure
C++ exception with description "Failed to initialize currency object" thrown in the test fixture's constructor.
[  FAILED  ] TransfersSubscriptionTest.onBlockchainDetach (0 ms)
[ RUN      ] TransfersSubscriptionTest.onError
2017-Dec-06 05:34:49.927198 ERROR [currency] failed to parse coinbase tx from hard coded blob
2017-Dec-06 05:34:49.927221 ERROR [currency] Failed to generate genesis block
unknown file: Failure
C++ exception with description "Failed to initialize currency object" thrown in the test fixture's constructor.
[  FAILED  ] TransfersSubscriptionTest.onError (0 ms)
[ RUN      ] TransfersSubscriptionTest.advanceHeight
2017-Dec-06 05:34:49.927292 ERROR [currency] failed to parse coinbase tx from hard coded blob
2017-Dec-06 05:34:49.927313 ERROR [currency] Failed to generate genesis block
unknown file: Failure
C++ exception with description "Failed to initialize currency object" thrown in the test fixture's constructor.
[  FAILED  ] TransfersSubscriptionTest.advanceHeight (0 ms)
[ RUN      ] TransfersSubscriptionTest.markTransactionConfirmed
2017-Dec-06 05:34:49.927383 ERROR [currency] failed to parse coinbase tx from hard coded blob
2017-Dec-06 05:34:49.927404 ERROR [currency] Failed to generate genesis block
unknown file: Failure
C++ exception with description "Failed to initialize currency object" thrown in the test fixture's constructor.
[  FAILED  ] TransfersSubscriptionTest.markTransactionConfirmed (0 ms)
[ RUN      ] TransfersSubscriptionTest.deleteUnconfirmedTransaction
2017-Dec-06 05:34:49.927473 ERROR [currency] failed to parse coinbase tx from hard coded blob
2017-Dec-06 05:34:49.927494 ERROR [currency] Failed to generate genesis block
unknown file: Failure
C++ exception with description "Failed to initialize currency object" thrown in the test fixture's constructor.
[  FAILED  ] TransfersSubscriptionTest.deleteUnconfirmedTransaction (0 ms)
[----------] 7 tests from TransfersSubscriptionTest (1 ms total)

[----------] 4 tests from chacha8
[ RUN      ] chacha8.is_correct_0
[       OK ] chacha8.is_correct_0 (0 ms)
[ RUN      ] chacha8.is_correct_1
[       OK ] chacha8.is_correct_1 (0 ms)
[ RUN      ] chacha8.is_correct_2
[       OK ] chacha8.is_correct_2 (0 ms)
[ RUN      ] chacha8.is_correct_3
[       OK ] chacha8.is_correct_3 (0 ms)
[----------] 4 tests from chacha8 (0 ms total)

[----------] 4 tests from PathTools
[ RUN      ] PathTools.NativePathToGeneric
[       OK ] PathTools.NativePathToGeneric (0 ms)
[ RUN      ] PathTools.GetExtension
[       OK ] PathTools.GetExtension (0 ms)
[ RUN      ] PathTools.RemoveExtension
[       OK ] PathTools.RemoveExtension (0 ms)
[ RUN      ] PathTools.SplitPath
[       OK ] PathTools.SplitPath (0 ms)
[----------] 4 tests from PathTools (0 ms total)

[----------] 2 tests from peer_list
[ RUN      ] peer_list.peer_list_general
4
[       OK ] peer_list.peer_list_general (0 ms)
[ RUN      ] peer_list.merge_peer_lists
[       OK ] peer_list.merge_peer_lists (0 ms)
[----------] 2 tests from peer_list (0 ms total)

[----------] 2 tests from KVSerialize
[ RUN      ] KVSerialize.Simple
[       OK ] KVSerialize.Simple (0 ms)
[ RUN      ] KVSerialize.BigCollection
[       OK ] KVSerialize.BigCollection (34 ms)
[----------] 2 tests from KVSerialize (34 ms total)

[----------] 37 tests from InProcessNodeTests
[ RUN      ] InProcessNodeTests.initOk
<end of output>
Test time =   0.16 sec
----------------------------------------------------------
Test Failed.
"UnitTests" end time: Dec 06 05:34 UTC
"UnitTests" time elapsed: 00:00:00
----------------------------------------------------------

End testing: Dec 06 05:34 UTC
